<?xml version="1.0" encoding="UTF-8"?>
<!-- Generated by org.testng.reporters.JUnitXMLReporter -->
<testsuite hostname="G18KLMOHITC" ignored="0" name="Default test" tests="3" failures="0" timestamp="22 Nov 2018 11:40:48 GMT" time="33.275" errors="0">
  <testcase name="NavigateHomePageTest" time="0.024" classname="com.koovs.qa.testcases.HomePageTest"/>
  <testcase name="HomePageTitleTest" time="0.012" classname="com.koovs.qa.testcases.HomePageTest"/>
  <testcase name="KoovsLogoImageTest" time="0.073" classname="com.koovs.qa.testcases.HomePageTest"/>
</testsuite> <!-- Default test -->
